0 info it worked if it ends with ok
1 verbose cli [ 'node',
1 verbose cli   '/usr/local/bin/npm',
1 verbose cli   'install',
1 verbose cli   'docpad-ghpages',
1 verbose cli   '--save' ]
2 info using npm@1.4.28
3 info using node@v0.10.38
4 verbose readDependencies using package.json deps
5 verbose cache add [ 'docpad-ghpages', null ]
6 verbose cache add name=undefined spec="docpad-ghpages" args=["docpad-ghpages",null]
7 verbose parsed url { protocol: null,
7 verbose parsed url   slashes: null,
7 verbose parsed url   auth: null,
7 verbose parsed url   host: null,
7 verbose parsed url   port: null,
7 verbose parsed url   hostname: null,
7 verbose parsed url   hash: null,
7 verbose parsed url   search: null,
7 verbose parsed url   query: null,
7 verbose parsed url   pathname: 'docpad-ghpages',
7 verbose parsed url   path: 'docpad-ghpages',
7 verbose parsed url   href: 'docpad-ghpages' }
8 silly lockFile d35e5be6-docpad-ghpages docpad-ghpages
9 verbose lock docpad-ghpages /Users/richard/.npm/d35e5be6-docpad-ghpages.lock
10 silly lockFile d35e5be6-docpad-ghpages docpad-ghpages
11 silly lockFile d35e5be6-docpad-ghpages docpad-ghpages
12 verbose addNamed [ 'docpad-ghpages', '' ]
13 verbose addNamed [ null, '*' ]
14 silly lockFile 37f4a6e5-docpad-ghpages docpad-ghpages@
15 verbose lock docpad-ghpages@ /Users/richard/.npm/37f4a6e5-docpad-ghpages.lock
16 silly addNameRange { name: 'docpad-ghpages', range: '*', hasData: false }
17 verbose request where is /docpad-ghpages
18 verbose request registry https://registry.npmjs.org/
19 verbose request id 75d79523ee963c48
20 verbose url raw /docpad-ghpages
21 verbose url resolving [ 'https://registry.npmjs.org/', './docpad-ghpages' ]
22 verbose url resolved https://registry.npmjs.org/docpad-ghpages
23 verbose request where is https://registry.npmjs.org/docpad-ghpages
24 info trying registry request attempt 1 at 15:24:08
25 http GET https://registry.npmjs.org/docpad-ghpages
26 http 404 https://registry.npmjs.org/docpad-ghpages
27 verbose headers { server: 'CouchDB/1.5.0 (Erlang OTP/R16B03)',
27 verbose headers   'content-type': 'application/json',
27 verbose headers   'cache-control': 'max-age=0',
27 verbose headers   'content-length': '51',
27 verbose headers   'accept-ranges': 'bytes',
27 verbose headers   date: 'Thu, 25 Jun 2015 14:24:09 GMT',
27 verbose headers   via: '1.1 varnish',
27 verbose headers   age: '0',
27 verbose headers   connection: 'keep-alive',
27 verbose headers   'x-served-by': 'cache-fra1224-FRA',
27 verbose headers   'x-cache': 'MISS',
27 verbose headers   'x-cache-hits': '0',
27 verbose headers   'x-timer': 'S1435242249.234629,VS0,VE182' }
28 silly registry.get cb [ 404,
28 silly registry.get   { server: 'CouchDB/1.5.0 (Erlang OTP/R16B03)',
28 silly registry.get     'content-type': 'application/json',
28 silly registry.get     'cache-control': 'max-age=0',
28 silly registry.get     'content-length': '51',
28 silly registry.get     'accept-ranges': 'bytes',
28 silly registry.get     date: 'Thu, 25 Jun 2015 14:24:09 GMT',
28 silly registry.get     via: '1.1 varnish',
28 silly registry.get     age: '0',
28 silly registry.get     connection: 'keep-alive',
28 silly registry.get     'x-served-by': 'cache-fra1224-FRA',
28 silly registry.get     'x-cache': 'MISS',
28 silly registry.get     'x-cache-hits': '0',
28 silly registry.get     'x-timer': 'S1435242249.234629,VS0,VE182' } ]
29 silly lockFile 37f4a6e5-docpad-ghpages docpad-ghpages@
30 silly lockFile 37f4a6e5-docpad-ghpages docpad-ghpages@
31 error 404 404 Not Found: docpad-ghpages
31 error 404
31 error 404 'docpad-ghpages' is not in the npm registry.
31 error 404 You should bug the author to publish it
31 error 404 It was specified as a dependency of 'flat'
31 error 404
31 error 404 Note that you can also install from a
31 error 404 tarball, folder, or http url, or git url.
32 error System Darwin 13.4.0
33 error command "node" "/usr/local/bin/npm" "install" "docpad-ghpages" "--save"
34 error cwd /Users/richard/Projects/flat
35 error node -v v0.10.38
36 error npm -v 1.4.28
37 error code E404
38 verbose exit [ 1, true ]
